<?xml version="1.0" encoding="UTF-8" ?>
<testsuite tests="11" failures="0" name="ru.sfedu.core.CoreTest" time="0.549" errors="0" skipped="0">
  <properties>
    <property name="java.runtime.name" value="Java(TM) SE Runtime Environment"/>
    <property name="sun.boot.library.path" value="/home/sergei/Program/jdk1.8.0_151/jre/lib/amd64"/>
    <property name="java.vm.version" value="25.151-b12"/>
    <property name="java.vm.vendor" value="Oracle Corporation"/>
    <property name="java.vendor.url" value="http://java.oracle.com/"/>
    <property name="path.separator" value=":"/>
    <property name="guice.disable.misplaced.annotation.check" value="true"/>
    <property name="java.vm.name" value="Java HotSpot(TM) 64-Bit Server VM"/>
    <property name="file.encoding.pkg" value="sun.io"/>
    <property name="user.country" value="RU"/>
    <property name="sun.java.launcher" value="SUN_STANDARD"/>
    <property name="sun.os.patch.level" value="unknown"/>
    <property name="test" value="ru.sfedu.core.CoreTest"/>
    <property name="java.vm.specification.name" value="Java Virtual Machine Specification"/>
    <property name="user.dir" value="/home/sergei/core"/>
    <property name="java.runtime.version" value="1.8.0_151-b12"/>
    <property name="java.awt.graphicsenv" value="sun.awt.X11GraphicsEnvironment"/>
    <property name="java.endorsed.dirs" value="/home/sergei/Program/jdk1.8.0_151/jre/lib/endorsed"/>
    <property name="os.arch" value="amd64"/>
    <property name="java.io.tmpdir" value="/tmp"/>
    <property name="line.separator" value="
"/>
    <property name="java.vm.specification.vendor" value="Oracle Corporation"/>
    <property name="os.name" value="Linux"/>
    <property name="maven.ext.class.path" value="/home/sergei/Program/netbeans-8.2/java/maven-nblib/netbeans-eventspy.jar"/>
    <property name="classworlds.conf" value="/home/sergei/Program/netbeans-8.2/java/maven/bin/m2.conf"/>
    <property name="sun.jnu.encoding" value="UTF-8"/>
    <property name="java.library.path" value="/home/sergei/Program/jdk1.8.0_151/jre/lib/amd64:/home/sergei/Program/jdk1.8.0_151/jre/lib/i386::/usr/java/packages/lib/amd64:/usr/lib64:/lib64:/lib:/usr/lib"/>
    <property name="java.specification.name" value="Java Platform API Specification"/>
    <property name="java.class.version" value="52.0"/>
    <property name="sun.management.compiler" value="HotSpot 64-Bit Tiered Compilers"/>
    <property name="os.version" value="4.13.0-36-generic"/>
    <property name="user.home" value="/home/sergei"/>
    <property name="user.timezone" value="Europe/Moscow"/>
    <property name="java.awt.printerjob" value="sun.print.PSPrinterJob"/>
    <property name="java.specification.version" value="1.8"/>
    <property name="file.encoding" value="UTF-8"/>
    <property name="user.name" value="sergei"/>
    <property name="java.class.path" value="/home/sergei/Program/netbeans-8.2/java/maven/boot/plexus-classworlds-2.4.jar"/>
    <property name="java.vm.specification.version" value="1.8"/>
    <property name="sun.arch.data.model" value="64"/>
    <property name="java.home" value="/home/sergei/Program/jdk1.8.0_151/jre"/>
    <property name="sun.java.command" value="org.codehaus.plexus.classworlds.launcher.Launcher -Dtest=ru.sfedu.core.CoreTest -Dmaven.ext.class.path=/home/sergei/Program/netbeans-8.2/java/maven-nblib/netbeans-eventspy.jar surefire:test"/>
    <property name="java.specification.vendor" value="Oracle Corporation"/>
    <property name="user.language" value="ru"/>
    <property name="awt.toolkit" value="sun.awt.X11.XToolkit"/>
    <property name="java.vm.info" value="mixed mode"/>
    <property name="java.version" value="1.8.0_151"/>
    <property name="java.ext.dirs" value="/home/sergei/Program/jdk1.8.0_151/jre/lib/ext:/usr/java/packages/lib/ext"/>
    <property name="securerandom.source" value="file:/dev/./urandom"/>
    <property name="sun.boot.class.path" value="/home/sergei/Program/jdk1.8.0_151/jre/lib/resources.jar:/home/sergei/Program/jdk1.8.0_151/jre/lib/rt.jar:/home/sergei/Program/jdk1.8.0_151/jre/lib/sunrsasign.jar:/home/sergei/Program/jdk1.8.0_151/jre/lib/jsse.jar:/home/sergei/Program/jdk1.8.0_151/jre/lib/jce.jar:/home/sergei/Program/jdk1.8.0_151/jre/lib/charsets.jar:/home/sergei/Program/jdk1.8.0_151/jre/lib/jfr.jar:/home/sergei/Program/jdk1.8.0_151/jre/classes"/>
    <property name="java.vendor" value="Oracle Corporation"/>
    <property name="maven.home" value="/home/sergei/Program/netbeans-8.2/java/maven"/>
    <property name="file.separator" value="/"/>
    <property name="java.vendor.url.bug" value="http://bugreport.sun.com/bugreport/"/>
    <property name="sun.cpu.endian" value="little"/>
    <property name="sun.io.unicode.encoding" value="UnicodeLittle"/>
    <property name="sun.desktop" value="gnome"/>
    <property name="sun.cpu.isalist" value=""/>
  </properties>
  <testcase classname="ru.sfedu.core.CoreTest" name="testSetExperiment" time="0.001"/>
  <testcase classname="ru.sfedu.core.CoreTest" name="testGetUsers" time="0.46"/>
  <testcase classname="ru.sfedu.core.CoreTest" name="tesreg" time="0"/>
  <testcase classname="ru.sfedu.core.CoreTest" name="testGetData" time="0.002"/>
  <testcase classname="ru.sfedu.core.CoreTest" name="testGetChennalExperiment1" time="0"/>
  <testcase classname="ru.sfedu.core.CoreTest" name="testGetExperiments" time="0"/>
  <testcase classname="ru.sfedu.core.CoreTest" name="testGetChennalExperiment" time="0.001"/>
  <testcase classname="ru.sfedu.core.CoreTest" name="testGetUsers11" time="0"/>
  <testcase classname="ru.sfedu.core.CoreTest" name="testGetExperiment" time="0.001"/>
  <testcase classname="ru.sfedu.core.CoreTest" name="testLogGet" time="0.012"/>
  <testcase classname="ru.sfedu.core.CoreTest" name="testGetUsers1" time="0"/>
</testsuite>